<?xml version="1.0" encoding="UTF-8"?>
<!-- Generated by org.testng.reporters.JUnitReportReporter -->
<testsuite hostname="DESKTOP-GO5J5M6" failures="0" tests="19" name="midtermProjMain.Main" time="62.857" errors="1" timestamp="2023-11-03T16:45:57 CST" skipped="0">
  <testcase classname="midtermProjMain.Main" name="waitforSplash" time="5.080"/>
  <system-out/>
  <testcase classname="midtermProjMain.Main" name="generalStoreInitial" time="0.207"/>
  <system-out/>
  <testcase classname="midtermProjMain.Main" name="selectCountry" time="10.668"/>
  <system-out/>
  <testcase classname="midtermProjMain.Main" name="enterName" time="0.579"/>
  <system-out/>
  <testcase classname="midtermProjMain.Main" name="selectGender" time="0.115"/>
  <system-out/>
  <testcase classname="midtermProjMain.Main" name="shopBegin" time="5.738"/>
  <system-out/>
  <testcase classname="midtermProjMain.Main" name="returnToMainMenuM" time="0.686"/>
  <system-out/>
  <testcase classname="midtermProjMain.Main" name="waitforSplash2" time="5.047"/>
  <system-out/>
  <testcase classname="midtermProjMain.Main" name="generalStoreInitial2" time="0.040"/>
  <system-out/>
  <testcase classname="midtermProjMain.Main" name="selectCountry2" time="17.919"/>
  <system-out/>
  <testcase classname="midtermProjMain.Main" name="shopBegin2" time="1.660"/>
  <system-out/>
  <testcase classname="midtermProjMain.Main" name="selectGender2" time="0.080"/>
  <system-out/>
  <testcase classname="midtermProjMain.Main" name="enterName2" time="0.560"/>
  <system-out/>
  <testcase classname="midtermProjMain.Main" name="shopBegin3" time="3.999"/>
  <system-out/>
  <testcase classname="midtermProjMain.Main" name="enterName3" time="0.550"/>
  <system-out/>
  <testcase classname="midtermProjMain.Main" name="scrollAllDown" time="2.992">
    <error message="Cached elements &#039;By.id: com.androidsample.generalstore:id/productName&#039; do not exist in DOM anymore
For documentation on this error, please visit: https://www.selenium.dev/documentation/webdriver/troubleshooting/errors#stale-element-reference-exception
Build info: version: &#039;4.13.0&#039;, revision: &#039;ba948ece5b*&#039;
System info: os.name: &#039;Windows 10&#039;, os.arch: &#039;amd64&#039;, os.version: &#039;10.0&#039;, java.version: &#039;21.0.1&#039;
Driver info: io.appium.java_client.android.AndroidDriver
Command: [5ba363a3-d7b5-42af-80e4-370715d338d5, getElementText {id=00000000-0000-00dc-ffff-ffff0000008f}]
Capabilities {appium:app: C:\Users\COLLABERA.DIGITAL\..., appium:appPackage: com.androidsample.generalstore, appium:autoGrantPermissions: true, appium:automationName: UIAutomator2, appium:databaseEnabled: false, appium:desired: {app: C:\Users\COLLABERA.DIGITAL\..., autoGrantPermissions: true, automationName: UIAutomator2, platformName: ANDROID}, appium:deviceApiLevel: 33, appium:deviceManufacturer: Google, appium:deviceModel: sdk_gphone_x86_64, appium:deviceName: emulator-5554, appium:deviceScreenDensity: 560, appium:deviceScreenSize: 1440x3040, appium:deviceUDID: emulator-5554, appium:javascriptEnabled: true, appium:locationContextEnabled: false, appium:networkConnectionEnabled: true, appium:pixelRatio: 3.5, appium:platformVersion: 13, appium:statBarHeight: 98, appium:takesScreenshot: true, appium:viewportRect: {height: 2858, left: 0, top: 98, width: 1440}, appium:warnings: {}, appium:webStorageEnabled: false, platformName: ANDROID}
Element: [[AndroidDriver:  on ANDROID (5ba363a3-d7b5-42af-80e4-370715d338d5)] -&gt; id: com.androidsample.generalstore:id/productName]
Session ID: 5ba363a3-d7b5-42af-80e4-370715d338d5" type="org.openqa.selenium.StaleElementReferenceException">
      <![CDATA[org.openqa.selenium.StaleElementReferenceException: Cached elements 'By.id: com.androidsample.generalstore:id/productName' do not exist in DOM anymore
For documentation on this error, please visit: https://www.selenium.dev/documentation/webdriver/troubleshooting/errors#stale-element-reference-exception
Build info: version: '4.13.0', revision: 'ba948ece5b*'
System info: os.name: 'Windows 10', os.arch: 'amd64', os.version: '10.0', java.version: '21.0.1'
Driver info: io.appium.java_client.android.AndroidDriver
Command: [5ba363a3-d7b5-42af-80e4-370715d338d5, getElementText {id=00000000-0000-00dc-ffff-ffff0000008f}]
Capabilities {appium:app: C:\Users\COLLABERA.DIGITAL\..., appium:appPackage: com.androidsample.generalstore, appium:autoGrantPermissions: true, appium:automationName: UIAutomator2, appium:databaseEnabled: false, appium:desired: {app: C:\Users\COLLABERA.DIGITAL\..., autoGrantPermissions: true, automationName: UIAutomator2, platformName: ANDROID}, appium:deviceApiLevel: 33, appium:deviceManufacturer: Google, appium:deviceModel: sdk_gphone_x86_64, appium:deviceName: emulator-5554, appium:deviceScreenDensity: 560, appium:deviceScreenSize: 1440x3040, appium:deviceUDID: emulator-5554, appium:javascriptEnabled: true, appium:locationContextEnabled: false, appium:networkConnectionEnabled: true, appium:pixelRatio: 3.5, appium:platformVersion: 13, appium:statBarHeight: 98, appium:takesScreenshot: true, appium:viewportRect: {height: 2858, left: 0, top: 98, width: 1440}, appium:warnings: {}, appium:webStorageEnabled: false, platformName: ANDROID}
Element: [[AndroidDriver:  on ANDROID (5ba363a3-d7b5-42af-80e4-370715d338d5)] -> id: com.androidsample.generalstore:id/productName]
Session ID: 5ba363a3-d7b5-42af-80e4-370715d338d5
at java.base/jdk.internal.reflect.DirectConstructorHandleAccessor.newInstance(DirectConstructorHandleAccessor.java:62)
at java.base/java.lang.reflect.Constructor.newInstanceWithCaller(Constructor.java:502)
at java.base/java.lang.reflect.Constructor.newInstance(Constructor.java:486)
at org.openqa.selenium.remote.codec.w3c.W3CHttpResponseCodec.createException(W3CHttpResponseCodec.java:200)
at org.openqa.selenium.remote.codec.w3c.W3CHttpResponseCodec.decode(W3CHttpResponseCodec.java:133)
at org.openqa.selenium.remote.codec.w3c.W3CHttpResponseCodec.decode(W3CHttpResponseCodec.java:52)
at org.openqa.selenium.remote.HttpCommandExecutor.execute(HttpCommandExecutor.java:191)
at io.appium.java_client.remote.AppiumCommandExecutor.execute(AppiumCommandExecutor.java:250)
at org.openqa.selenium.remote.RemoteWebDriver.execute(RemoteWebDriver.java:602)
at org.openqa.selenium.remote.RemoteWebElement.execute(RemoteWebElement.java:224)
at org.openqa.selenium.remote.RemoteWebElement.getText(RemoteWebElement.java:192)
at midtermProjMain.Main.scrollAllDown(Main.java:162)
at java.base/jdk.internal.reflect.DirectMethodHandleAccessor.invoke(DirectMethodHandleAccessor.java:103)
at java.base/java.lang.reflect.Method.invoke(Method.java:580)
at org.testng.internal.invokers.MethodInvocationHelper.invokeMethod(MethodInvocationHelper.java:139)
at org.testng.internal.invokers.TestInvoker.invokeMethod(TestInvoker.java:677)
at org.testng.internal.invokers.TestInvoker.invokeTestMethod(TestInvoker.java:221)
at org.testng.internal.invokers.MethodRunner.runInSequence(MethodRunner.java:50)
at org.testng.internal.invokers.TestInvoker$MethodInvocationAgent.invoke(TestInvoker.java:962)
at org.testng.internal.invokers.TestInvoker.invokeTestMethods(TestInvoker.java:194)
at org.testng.internal.invokers.TestMethodWorker.invokeTestMethods(TestMethodWorker.java:148)
at org.testng.internal.invokers.TestMethodWorker.run(TestMethodWorker.java:128)
at java.base/java.util.ArrayList.forEach(ArrayList.java:1596)
at org.testng.TestRunner.privateRun(TestRunner.java:806)
at org.testng.TestRunner.run(TestRunner.java:601)
at org.testng.SuiteRunner.runTest(SuiteRunner.java:433)
at org.testng.SuiteRunner.runSequentially(SuiteRunner.java:427)
at org.testng.SuiteRunner.privateRun(SuiteRunner.java:387)
at org.testng.SuiteRunner.run(SuiteRunner.java:330)
at org.testng.SuiteRunnerWorker.runSuite(SuiteRunnerWorker.java:52)
at org.testng.SuiteRunnerWorker.run(SuiteRunnerWorker.java:95)
at org.testng.TestNG.runSuitesSequentially(TestNG.java:1256)
at org.testng.TestNG.runSuitesLocally(TestNG.java:1176)
at org.testng.TestNG.runSuites(TestNG.java:1099)
at org.testng.TestNG.run(TestNG.java:1067)
at org.testng.remote.AbstractRemoteTestNG.run(AbstractRemoteTestNG.java:115)
at org.testng.remote.RemoteTestNG.initAndRun(RemoteTestNG.java:251)
at org.testng.remote.RemoteTestNG.main(RemoteTestNG.java:77)
]]>
    </error>
  </testcase> <!-- scrollAllDown -->
  <system-out/>
  <testcase classname="midtermProjMain.Main" name="listAllBoxes" time="0.001"/>
  <system-out/>
  <testcase classname="midtermProjMain.Main" name="enterItem" time="0.690"/>
  <system-out/>
  <testcase classname="midtermProjMain.Main" name="enterCart" time="6.246"/>
  <system-out/>
</testsuite> <!-- midtermProjMain.Main -->
